<?xml version="1.0" encoding="UTF-8"?>
<testsuite name="com.stackandqueues.StackTest" tests="1" skipped="0" failures="0" errors="0" timestamp="2021-04-14T19:22:13" hostname="DESKTOP-GUCTATJ" time="0.1">
  <properties/>
  <testcase name="given3NumbersWhenAddedToLinkedListShouldBeAddedToTop()" classname="com.stackandqueues.StackTest" time="0.1"/>
  <system-out><![CDATA[My Nodes : 56->30->70
]]></system-out>
  <system-err><![CDATA[]]></system-err>
</testsuite>
